c:\users\benjamin\documents\visual studio 2010\projects\pfee_fo\pfee_fo\debug\vc100.pdb
c:\users\benjamin\documents\visual studio 2010\projects\pfee_fo\pfee_fo\debug\optical_flow.obj
c:\users\benjamin\desktop\epita_ing2\drone_pfees\drone_pfee_actuel\visualstudio_pfee_ti\with_optical_flow\pfee_fo\pfee_fo\debug\optical_flow.obj
c:\users\benjamin\desktop\epita_ing2\drone_pfees\drone_pfee_actuel\visualstudio_pfee_ti\with_optical_flow\pfee_fo\pfee_fo\debug\vc100.pdb
c:\users\rodolphe\workspace\drone\visualstudio_pfee_ti\with_optical_flow\pfee_fo\pfee_fo\debug\vc100.pdb
c:\users\benjamin\documents\visual studio 2010\projects\pfee_fo\debug\pfee_fo.ilk
c:\users\benjamin\documents\visual studio 2010\projects\pfee_fo\debug\pfee_fo.exe
c:\users\benjamin\documents\visual studio 2010\projects\pfee_fo\pfee_fo\debug\pfee_fo.exe.intermediate.manifest
c:\users\benjamin\documents\visual studio 2010\projects\pfee_fo\debug\pfee_fo.pdb
c:\users\benjamin\desktop\epita_ing2\drone_pfees\drone_pfee_actuel\visualstudio_pfee_ti\with_optical_flow\pfee_fo\debug\pfee_fo.ilk
c:\users\benjamin\desktop\epita_ing2\drone_pfees\drone_pfee_actuel\visualstudio_pfee_ti\with_optical_flow\pfee_fo\debug\pfee_fo.exe
c:\users\benjamin\desktop\epita_ing2\drone_pfees\drone_pfee_actuel\visualstudio_pfee_ti\with_optical_flow\pfee_fo\pfee_fo\debug\pfee_fo.exe.intermediate.manifest
c:\users\benjamin\desktop\epita_ing2\drone_pfees\drone_pfee_actuel\visualstudio_pfee_ti\with_optical_flow\pfee_fo\debug\pfee_fo.pdb
c:\users\rodolphe\workspace\drone\visualstudio_pfee_ti\with_optical_flow\pfee_fo\pfee_fo\debug\vc120.pdb
c:\users\rodolphe\workspace\drone\visualstudio_pfee_ti\with_optical_flow\pfee_fo\pfee_fo\debug\vc120.idb
c:\users\rodolphe\workspace\drone\visualstudio_pfee_ti\with_optical_flow\pfee_fo\pfee_fo\debug\optical_flow.obj
c:\users\rodolphe\workspace\drone\visualstudio_pfee_ti\with_optical_flow\pfee_fo\debug\pfee_fo.ilk
c:\users\rodolphe\workspace\drone\visualstudio_pfee_ti\with_optical_flow\pfee_fo\debug\pfee_fo.exe
c:\users\rodolphe\workspace\drone\visualstudio_pfee_ti\with_optical_flow\pfee_fo\debug\pfee_fo.pdb
c:\users\rodolphe\workspace\drone\visualstudio_pfee_ti\with_optical_flow\pfee_fo\pfee_fo\debug\pfee_fo.vcxprojresolveassemblyreference.cache
c:\users\rodolphe\workspace\drone\visualstudio_pfee_ti\with_optical_flow\pfee_fo\pfee_fo\debug\cl.command.1.tlog
c:\users\rodolphe\workspace\drone\visualstudio_pfee_ti\with_optical_flow\pfee_fo\pfee_fo\debug\cl.read.1.tlog
c:\users\rodolphe\workspace\drone\visualstudio_pfee_ti\with_optical_flow\pfee_fo\pfee_fo\debug\cl.write.1.tlog
c:\users\rodolphe\workspace\drone\visualstudio_pfee_ti\with_optical_flow\pfee_fo\pfee_fo\debug\link.command.1.tlog
c:\users\rodolphe\workspace\drone\visualstudio_pfee_ti\with_optical_flow\pfee_fo\pfee_fo\debug\link.read.1.tlog
c:\users\rodolphe\workspace\drone\visualstudio_pfee_ti\with_optical_flow\pfee_fo\pfee_fo\debug\link.write.1.tlog
c:\users\rodolphe\workspace\drone\visualstudio_pfee_ti\with_optical_flow\pfee_fo\pfee_fo\debug\mt.command.1.tlog
c:\users\rodolphe\workspace\drone\visualstudio_pfee_ti\with_optical_flow\pfee_fo\pfee_fo\debug\mt.read.1.tlog
c:\users\rodolphe\workspace\drone\visualstudio_pfee_ti\with_optical_flow\pfee_fo\pfee_fo\debug\mt.write.1.tlog
c:\users\rodolphe\workspace\drone\visualstudio_pfee_ti\with_optical_flow\pfee_fo\pfee_fo\debug\pfee_fo.write.1.tlog
c:\users\rodolphe\workspace\drone\visualstudio_pfee_ti\with_optical_flow\pfee_fo\pfee_fo\debug\pfee_fo.exe.intermediate.manifest
c:\users\rodolphe\workspace\drone\visualstudio_pfee_ti\with_optical_flow\pfee_fo\pfee_fo\debug\vc100.idb
c:\users\rodolphe\workspace\drone\visualstudio_pfee_ti\with_optical_flow\pfee_fo\pfee_fo\debug\pfee_fo.tlog\cl.command.1.tlog
c:\users\rodolphe\workspace\drone\visualstudio_pfee_ti\with_optical_flow\pfee_fo\pfee_fo\debug\pfee_fo.tlog\cl.read.1.tlog
c:\users\rodolphe\workspace\drone\visualstudio_pfee_ti\with_optical_flow\pfee_fo\pfee_fo\debug\pfee_fo.tlog\cl.write.1.tlog
c:\users\rodolphe\workspace\drone\visualstudio_pfee_ti\with_optical_flow\pfee_fo\pfee_fo\debug\pfee_fo.tlog\link.command.1.tlog
c:\users\rodolphe\workspace\drone\visualstudio_pfee_ti\with_optical_flow\pfee_fo\pfee_fo\debug\pfee_fo.tlog\link.read.1.tlog
c:\users\rodolphe\workspace\drone\visualstudio_pfee_ti\with_optical_flow\pfee_fo\pfee_fo\debug\pfee_fo.tlog\link.write.1.tlog
