La génération a démarré 27/01/2015 15:40:11.
     1>Projet "C:\Users\andria\Desktop\EPITA_ING2_ING3\drone_PFEES\drone_PFEE_actuel\VisualStudio_PFEE_TI\with_Background_Substraction\PFEE_TI\PFEE_TI.vcxproj" sur le nœud 2 (build cible(s)).
     1>InitializeBuildStatus:
         Création de "Debug\PFEE_TI.unsuccessfulbuild", car "AlwaysCreate" a été spécifié.
       ClCompile:
         c:\Program Files (x86)\Microsoft Visual Studio 10.0\VC\bin\CL.exe /c /ZI /nologo /W3 /WX- /Od /Oy- /D WIN32 /D _DEBUG /D _CONSOLE /D _UNICODE /D UNICODE /Gm /EHsc /RTC1 /MDd /GS /fp:precise /Zc:wchar_t /Zc:forScope /Fo"Debug\\" /Fd"Debug\vc100.pdb" /Gd /TP /analyze- /errorReport:prompt main.cpp
         main.cpp
     1>c:\opencv\build\include\opencv2\flann\logger.h(66): warning C4996: 'fopen': This function or variable may be unsafe. Consider using fopen_s instead. To disable deprecation, use _CRT_SECURE_NO_WARNINGS. See online help for details.
                 c:\program files (x86)\microsoft visual studio 10.0\vc\include\stdio.h(234) : voir la déclaration de 'fopen'
       Link:
         c:\Program Files (x86)\Microsoft Visual Studio 10.0\VC\bin\link.exe /ERRORREPORT:PROMPT /OUT:"C:\Users\andria\Desktop\EPITA_ING2_ING3\drone_PFEES\drone_PFEE_actuel\VisualStudio_PFEE_TI\with_Background_Substraction\Debug\PFEE_TI.exe" /NOLOGO /LIBPATH:C:\opencv\build\x86\vc10\lib opencv_calib3d249d.lib opencv_contrib249d.lib opencv_core249d.lib opencv_features2d249d.lib opencv_flann249d.lib opencv_gpu249d.lib opencv_highgui249d.lib opencv_imgproc249d.lib opencv_legacy249d.lib opencv_ml249d.lib opencv_nonfree249d.lib opencv_objdetect249d.lib opencv_ocl249d.lib opencv_photo249d.lib opencv_stitching249d.lib opencv_superres249d.lib opencv_ts249d.lib opencv_video249d.lib opencv_videostab249d.lib kernel32.lib user32.lib gdi32.lib winspool.lib comdlg32.lib advapi32.lib shell32.lib ole32.lib oleaut32.lib uuid.lib odbc32.lib odbccp32.lib /MANIFEST /ManifestFile:"Debug\PFEE_TI.exe.intermediate.manifest" /MANIFESTUAC:"level='asInvoker' uiAccess='false'" /DEBUG /PDB:"C:\Users\andria\Desktop\EPITA_ING2_ING3\drone_PFEES\drone_PFEE_actuel\VisualStudio_PFEE_TI\with_Background_Substraction\Debug\PFEE_TI.pdb" /SUBSYSTEM:CONSOLE /TLBID:1 /DYNAMICBASE /NXCOMPAT /IMPLIB:"C:\Users\andria\Desktop\EPITA_ING2_ING3\drone_PFEES\drone_PFEE_actuel\VisualStudio_PFEE_TI\with_Background_Substraction\Debug\PFEE_TI.lib" /MACHINE:X86 Debug\main.obj
         LINK : C:\Users\andria\Desktop\EPITA_ING2_ING3\drone_PFEES\drone_PFEE_actuel\VisualStudio_PFEE_TI\with_Background_Substraction\Debug\PFEE_TI.exe introuvable ou non généré par la dernière édition de liens incrémentielle ; édition de liens complète en cours
         PFEE_TI.vcxproj -> C:\Users\andria\Desktop\EPITA_ING2_ING3\drone_PFEES\drone_PFEE_actuel\VisualStudio_PFEE_TI\with_Background_Substraction\Debug\PFEE_TI.exe
       Manifest:
         C:\Program Files (x86)\Microsoft SDKs\Windows\v7.0A\bin\mt.exe /nologo /verbose /outputresource:"C:\Users\andria\Desktop\EPITA_ING2_ING3\drone_PFEES\drone_PFEE_actuel\VisualStudio_PFEE_TI\with_Background_Substraction\Debug\PFEE_TI.exe;#1" /manifest Debug\PFEE_TI.exe.intermediate.manifest
       FinalizeBuildStatus:
         Suppression du fichier "Debug\PFEE_TI.unsuccessfulbuild".
         Mise à jour de l'horodatage "Debug\PFEE_TI.lastbuildstate".
     1>Génération du projet "C:\Users\andria\Desktop\EPITA_ING2_ING3\drone_PFEES\drone_PFEE_actuel\VisualStudio_PFEE_TI\with_Background_Substraction\PFEE_TI\PFEE_TI.vcxproj" terminée (build cible(s)).

La génération a réussi.

Temps écoulé 00:00:12.02
