Build started 12/09/2014 19:17:03.
     1>Project "C:\Users\Benjamin\Desktop\EPITA_ING2\drone_PFEES\drone_PFEE_actuel\VisualStudio_PFEE_TI\PFEE_TI\PFEE_TI.vcxproj" on node 2 (build target(s)).
     1>InitializeBuildStatus:
         Creating "Debug\PFEE_TI.unsuccessfulbuild" because "AlwaysCreate" was specified.
       ClCompile:
         c:\Program Files\Microsoft Visual Studio 10.0\VC\bin\CL.exe /c /ZI /nologo /W3 /WX- /Od /Oy- /D WIN32 /D _DEBUG /D _CONSOLE /D _UNICODE /D UNICODE /Gm /EHsc /RTC1 /MDd /GS /fp:precise /Zc:wchar_t /Zc:forScope /Fo"Debug\\" /Fd"Debug\vc100.pdb" /Gd /TP /analyze- /errorReport:prompt main.cpp
         main.cpp
     1>c:\opencv\build\include\opencv2\flann\logger.h(66): warning C4996: 'fopen': This function or variable may be unsafe. Consider using fopen_s instead. To disable deprecation, use _CRT_SECURE_NO_WARNINGS. See online help for details.
                 c:\program files\microsoft visual studio 10.0\vc\include\stdio.h(234) : see declaration of 'fopen'
       Link:
         c:\Program Files\Microsoft Visual Studio 10.0\VC\bin\link.exe /ERRORREPORT:PROMPT /OUT:"C:\Users\Benjamin\Desktop\EPITA_ING2\drone_PFEES\drone_PFEE_actuel\VisualStudio_PFEE_TI\Debug\PFEE_TI.exe" /NOLOGO /LIBPATH:C:\opencv\build\x86\vc10\lib opencv_calib3d249d.lib opencv_contrib249d.lib opencv_core249d.lib opencv_features2d249d.lib opencv_flann249d.lib opencv_gpu249d.lib opencv_highgui249d.lib opencv_imgproc249d.lib opencv_legacy249d.lib opencv_ml249d.lib opencv_nonfree249d.lib opencv_objdetect249d.lib opencv_ocl249d.lib opencv_photo249d.lib opencv_stitching249d.lib opencv_superres249d.lib opencv_ts249d.lib opencv_video249d.lib opencv_videostab249d.lib kernel32.lib user32.lib gdi32.lib winspool.lib comdlg32.lib advapi32.lib shell32.lib ole32.lib oleaut32.lib uuid.lib odbc32.lib odbccp32.lib /MANIFEST /ManifestFile:"Debug\PFEE_TI.exe.intermediate.manifest" /MANIFESTUAC:"level='asInvoker' uiAccess='false'" /DEBUG /PDB:"C:\Users\Benjamin\Desktop\EPITA_ING2\drone_PFEES\drone_PFEE_actuel\VisualStudio_PFEE_TI\Debug\PFEE_TI.pdb" /SUBSYSTEM:CONSOLE /TLBID:1 /DYNAMICBASE /NXCOMPAT /IMPLIB:"C:\Users\Benjamin\Desktop\EPITA_ING2\drone_PFEES\drone_PFEE_actuel\VisualStudio_PFEE_TI\Debug\PFEE_TI.lib" /MACHINE:X86 Debug\main.obj
         LINK : C:\Users\Benjamin\Desktop\EPITA_ING2\drone_PFEES\drone_PFEE_actuel\VisualStudio_PFEE_TI\Debug\PFEE_TI.exe not found or not built by the last incremental link; performing full link
         PFEE_TI.vcxproj -> C:\Users\Benjamin\Desktop\EPITA_ING2\drone_PFEES\drone_PFEE_actuel\VisualStudio_PFEE_TI\Debug\PFEE_TI.exe
       Manifest:
         C:\Program Files\Microsoft SDKs\Windows\v7.0A\bin\mt.exe /nologo /verbose /outputresource:"C:\Users\Benjamin\Desktop\EPITA_ING2\drone_PFEES\drone_PFEE_actuel\VisualStudio_PFEE_TI\Debug\PFEE_TI.exe;#1" /manifest Debug\PFEE_TI.exe.intermediate.manifest
       FinalizeBuildStatus:
         Deleting file "Debug\PFEE_TI.unsuccessfulbuild".
         Touching "Debug\PFEE_TI.lastbuildstate".
     1>Done Building Project "C:\Users\Benjamin\Desktop\EPITA_ING2\drone_PFEES\drone_PFEE_actuel\VisualStudio_PFEE_TI\PFEE_TI\PFEE_TI.vcxproj" (build target(s)).

Build succeeded.

Time Elapsed 00:00:05.01
